ab4309
*   febb455 Merge branch 'G' into H
|\
| *   c542cdc Merge branch 'D' into G
| |\
| | * d611147 Commit on D
| * | e999221 Commit on G
* | |   f1f2296 Merge branch 'F' into H
|\ \ \
| * | | 84c2d08 Commit on F
| | |/
| |/|
* | | 8641d0a Commit to H
| |/
|/|
* |   99658df Merge branch 'B' into C
|\ \
| * | 61be879 Commit to B
| |/
* | 073c44f Commit C
|/
* 459b518 Commit to master
yw3375
*   e7f79cf 9th commit (5th master)
|\  
| *   0255510 7th commit (1st master_cp)
| |\  
| | * 7f9319a 5th commit (1st master_b)
* | |   6cd4fb5 8th commit (4th master)
|\ \ \  
| |/ /  
|/| |   
| * | 07e0bb1 4th commit (1st test)
* | |   f4744a4 6th commit (3rd master)
|\ \ \  
| |/ /  
| | /   
| |/    
|/|     
| * d1ac36f 2nd commit (1st valid)
* | a8838bb 3rd commit (2nd master)
|/  
* 32454f2 1st commit (1st master)
